[MFLOG|0|2025-06-21T11:34:57.017253Z|runtime|d6514037-4502-41f4-8f7b-d78481c8e72a]Autoencoder model flow completed successfully!
[MFLOG|0|2025-06-21T11:34:57.017400Z|runtime|dfc6b009-fc28-4102-bbca-e878baf7ccef]Model saved at: /Users/ayushnema/Development/anomaly-detection/MLmodel/models/model_20250621_170454
[MFLOG|0|2025-06-21T11:34:57.229976Z|runtime|391e2578-7e2f-4994-8412-88e6f4d5fee4]Evaluation results: {
[MFLOG|0|2025-06-21T11:34:57.230063Z|runtime|c1864e3c-de83-4327-a114-a071a81ae16f]  "anomaly_threshold": 3,
[MFLOG|0|2025-06-21T11:34:57.230099Z|runtime|2359a573-2769-46eb-83da-21914f18db8c]  "num_anomalies": 0,
[MFLOG|0|2025-06-21T11:34:57.230128Z|runtime|9046c03c-6847-4af1-9678-c1afa51aac86]  "total_samples": 1000000,
[MFLOG|0|2025-06-21T11:34:57.230149Z|runtime|28e49cbd-ed37-4ae1-a7d7-13a4c5fc1c60]  "anomaly_percentage": 0.0,
[MFLOG|0|2025-06-21T11:34:57.230175Z|runtime|5ba7bef5-7ec5-42f3-9617-bb77f182b82a]  "mismatches_per_sample": [
[MFLOG|0|2025-06-21T11:34:57.230199Z|runtime|0a3cff3d-a2fd-4378-8a78-bec77b4d7a61]    0,
[MFLOG|0|2025-06-21T11:34:57.230219Z|runtime|47f1b68f-51f5-451f-87a3-aaa15ff0744e]    0,
[MFLOG|0|2025-06-21T11:34:57.230238Z|runtime|467ae4e6-7297-4708-a185-43c346e662a1]    0,
[MFLOG|0|2025-06-21T11:34:57.230257Z|runtime|bcba997d-d30b-427a-9a07-5004ef3141ff]    0,
[MFLOG|0|2025-06-21T11:34:57.230275Z|runtime|d408ef75-e3e3-495e-9964-d93ea7cc09a5]    0,
[MFLOG|0|2025-06-21T11:34:57.230295Z|runtime|b9bb50f5-e3d4-42ac-9cb4-45fac5668a7e]    0,
[MFLOG|0|2025-06-21T11:34:57.230314Z|runtime|fe0c38b8-0406-4a13-bb3e-38efd256eba5]    0,
[MFLOG|0|2025-06-21T11:34:57.230332Z|runtime|9441513a-b8f6-43ab-ba41-cb655fff895f]    0,
[MFLOG|0|2025-06-21T11:34:57.230351Z|runtime|21121663-6f14-490e-9f58-b9952963534f]    0,
[MFLOG|0|2025-06-21T11:34:57.230369Z|runtime|2330b4a0-7b90-494b-9141-0c869f554cad]    0,
[MFLOG|0|2025-06-21T11:34:57.230410Z|runtime|0d0a5cb7-ba82-44a3-828f-cb13144e0d45]    0,
[MFLOG|0|2025-06-21T11:34:57.230433Z|runtime|542657e8-5744-4f86-889a-e388f3a6ef04]    0,
[MFLOG|0|2025-06-21T11:34:57.230453Z|runtime|a9384f89-9e4e-4a8a-b679-5fd10c421c3d]    0,
[MFLOG|0|2025-06-21T11:34:57.230471Z|runtime|18a90293-705c-44ce-b1f2-afb5d85d6e87]    0,
[MFLOG|0|2025-06-21T11:34:57.230490Z|runtime|b632aefa-4c62-4778-85be-fefb266ad054]    0,
[MFLOG|0|2025-06-21T11:34:57.230509Z|runtime|cc866732-ca91-408c-8594-ce7bf6c8a6a2]    0,
[MFLOG|0|2025-06-21T11:34:57.230527Z|runtime|485096b8-23f0-44e6-8078-008c6512e30f]    0,
[MFLOG|0|2025-06-21T11:34:57.230544Z|runtime|4a8de596-6e39-4869-9b4d-860a8c833a4a]    0,
[MFLOG|0|2025-06-21T11:34:57.230562Z|runtime|0eb24079-e51d-4889-abea-8aea2e1c4c1a]    0,
[MFLOG|0|2025-06-21T11:34:57.230580Z|runtime|e75e52db-694f-4e74-abac-a0a5cae03700]    0
[MFLOG|0|2025-06-21T11:34:57.230598Z|runtime|75e84b8e-8e40-41b1-85f9-01d88069a212]  ]
[MFLOG|0|2025-06-21T11:34:57.230619Z|runtime|c608be74-772f-4449-98d6-b0017f824cb2]}
