[MFLOG|0|2025-06-21T09:03:22.379284Z|runtime|23072a31-362f-45cd-bc8f-03f6368246e6]Autoencoder model flow completed successfully!
[MFLOG|0|2025-06-21T09:03:22.379449Z|runtime|1f628435-6c7e-4567-89e8-d1aa689ab760]Model saved at: /Users/ayushnema/Development/anomaly-detection/MLmodel/models/model_20250621_143319
[MFLOG|0|2025-06-21T09:03:22.638447Z|runtime|041f7ed0-0d8d-468f-b344-4da00f99e439]Evaluation results: {
[MFLOG|0|2025-06-21T09:03:22.638548Z|runtime|6925b343-965b-48f6-af42-483dbfe58993]  "anomaly_threshold": 3,
[MFLOG|0|2025-06-21T09:03:22.638583Z|runtime|35f26586-3275-48f3-9322-3492132c8c46]  "num_anomalies": 0,
[MFLOG|0|2025-06-21T09:03:22.638607Z|runtime|79a3894d-59d6-46ac-9f22-ce7f7499d30b]  "total_samples": 1000,
[MFLOG|0|2025-06-21T09:03:22.638629Z|runtime|30045c97-781e-4537-aa10-a8cb1d37c53d]  "anomaly_percentage": 0.0,
[MFLOG|0|2025-06-21T09:03:22.638649Z|runtime|26205a05-525d-4d09-b429-0ce16dd2659f]  "mismatches_per_sample": [
[MFLOG|0|2025-06-21T09:03:22.638669Z|runtime|967a3377-a246-4dd1-9fa9-ae5a2aec9d6e]    0,
[MFLOG|0|2025-06-21T09:03:22.638690Z|runtime|377ed986-9984-4200-ba6d-ee803a95bc26]    0,
[MFLOG|0|2025-06-21T09:03:22.638709Z|runtime|c5db224f-1434-4426-91c3-4243044c4397]    0,
[MFLOG|0|2025-06-21T09:03:22.638730Z|runtime|7d9a90ee-fa8f-41c0-b8cc-fc0197fb2fc6]    0,
[MFLOG|0|2025-06-21T09:03:22.638752Z|runtime|f476caa3-c371-42f3-9f0a-b53d5a341069]    0,
[MFLOG|0|2025-06-21T09:03:22.638773Z|runtime|c500a47f-d19f-465b-8134-46370762e094]    0,
[MFLOG|0|2025-06-21T09:03:22.638792Z|runtime|82dd93c4-ea2f-4328-81c5-92eb909d7246]    0,
[MFLOG|0|2025-06-21T09:03:22.638811Z|runtime|f8ce4266-1b46-4f42-88b8-fc86a5397918]    0,
[MFLOG|0|2025-06-21T09:03:22.638831Z|runtime|80607fdf-6843-412f-a588-3db55d43d7f0]    0,
[MFLOG|0|2025-06-21T09:03:22.638850Z|runtime|569479c5-eb52-448c-a8b8-7ab58c34a6bf]    0,
[MFLOG|0|2025-06-21T09:03:22.638869Z|runtime|94135cc0-a977-4e30-a764-c8b12c7bd4f8]    0,
[MFLOG|0|2025-06-21T09:03:22.638889Z|runtime|ec988a01-9fda-48dd-a9de-b08047aece43]    0,
[MFLOG|0|2025-06-21T09:03:22.638908Z|runtime|4b0dbf3a-f805-42f7-890b-8d42b28e66a2]    0,
[MFLOG|0|2025-06-21T09:03:22.638926Z|runtime|351ec2c5-83b3-4d42-83bf-2e895142ecca]    0,
[MFLOG|0|2025-06-21T09:03:22.638946Z|runtime|24d54dd8-d82f-4119-8a6c-3c9ae7930d5d]    0,
[MFLOG|0|2025-06-21T09:03:22.638965Z|runtime|94dd20f5-1886-4ad8-ba82-2ee02ddd8b69]    0,
[MFLOG|0|2025-06-21T09:03:22.638984Z|runtime|509fd96b-cc9c-45b1-b113-a85a0cad7bd2]    0,
[MFLOG|0|2025-06-21T09:03:22.639003Z|runtime|0caef64f-4cbf-44fd-ab37-bfb2569655ca]    0,
[MFLOG|0|2025-06-21T09:03:22.639022Z|runtime|14c965e2-2478-4703-9eb0-d8508f1aff52]    0,
[MFLOG|0|2025-06-21T09:03:22.639042Z|runtime|03c04593-99d4-445f-9ab4-f651f79460c1]    0
[MFLOG|0|2025-06-21T09:03:22.639063Z|runtime|59febb88-ef10-476f-b41d-33070214a399]  ]
[MFLOG|0|2025-06-21T09:03:22.639086Z|runtime|a030c0a9-e3a6-406f-8b5d-fceb3c317fe7]}
