[MFLOG|0|2025-06-21T13:20:11.566206Z|runtime|649d42cd-7b0a-40ee-87df-cde52c44c602]Autoencoder model flow completed successfully!
[MFLOG|0|2025-06-21T13:20:11.566354Z|runtime|a492cf6e-4643-4759-9027-d1efda01c7c1]Model saved at: /Users/ayushnema/Development/anomaly-detection/MLmodel/models/model_20250621_185008
[MFLOG|0|2025-06-21T13:20:11.777472Z|runtime|80111c30-daeb-4aa3-8895-20c91f0883a3]Evaluation results: {
[MFLOG|0|2025-06-21T13:20:11.777544Z|runtime|b05d077a-b467-41a3-abce-37354c0d7bdf]  "anomaly_threshold": 3,
[MFLOG|0|2025-06-21T13:20:11.777573Z|runtime|0f460de2-9868-4d3a-82cc-7acb36c1ce31]  "num_anomalies": 0,
[MFLOG|0|2025-06-21T13:20:11.777595Z|runtime|5ae21fdb-5808-4fd9-8526-de8f00e9458d]  "total_samples": 1000000,
[MFLOG|0|2025-06-21T13:20:11.777615Z|runtime|7283fd50-3bde-400b-a0b0-01bc8d163999]  "anomaly_percentage": 0.0,
[MFLOG|0|2025-06-21T13:20:11.777634Z|runtime|f568f362-6a43-44f0-bb3a-f06c00c40561]  "mismatches_per_sample": [
[MFLOG|0|2025-06-21T13:20:11.777653Z|runtime|4bb63b90-1cce-4f4a-9c48-4594f1b3d6ec]    0,
[MFLOG|0|2025-06-21T13:20:11.777673Z|runtime|7e3ef23b-5a69-4bc9-8d41-3bf35ebeb0f9]    0,
[MFLOG|0|2025-06-21T13:20:11.777691Z|runtime|c990cfad-bc6f-4a1c-ae75-7dc08a9c49cd]    0,
[MFLOG|0|2025-06-21T13:20:11.777710Z|runtime|6f3bb604-a8ca-46bb-8adf-420b30cfe71c]    0,
[MFLOG|0|2025-06-21T13:20:11.777729Z|runtime|027c884e-3025-4ba6-baa5-ce6bcf36357a]    0,
[MFLOG|0|2025-06-21T13:20:11.777747Z|runtime|a7ade8c2-5fa1-43bf-b8d5-6198cba6f6a3]    0,
[MFLOG|0|2025-06-21T13:20:11.777765Z|runtime|bf0af4d8-6b1d-488d-a6d0-653ea2e0615b]    0,
[MFLOG|0|2025-06-21T13:20:11.777783Z|runtime|573f6624-68a4-44ea-bf8d-2faa683b643e]    0,
[MFLOG|0|2025-06-21T13:20:11.777802Z|runtime|2447f24d-8439-4fae-88fb-c0367f4d80b2]    0,
[MFLOG|0|2025-06-21T13:20:11.777820Z|runtime|3901795e-2a40-451c-8dd2-9ebe33ef871b]    0,
[MFLOG|0|2025-06-21T13:20:11.777838Z|runtime|ae383ff6-7034-4416-9852-0fb6ff834734]    0,
[MFLOG|0|2025-06-21T13:20:11.777856Z|runtime|6d176ef0-f94b-4434-8189-7789c3f22414]    0,
[MFLOG|0|2025-06-21T13:20:11.777874Z|runtime|53674614-d504-4bdf-a837-2cea2f114993]    0,
[MFLOG|0|2025-06-21T13:20:11.777893Z|runtime|8668de1a-2e7e-49d6-8167-b9217d8b0c9f]    0,
[MFLOG|0|2025-06-21T13:20:11.777911Z|runtime|827b3965-91f1-4267-be13-bf27a86fbd5c]    0,
[MFLOG|0|2025-06-21T13:20:11.777928Z|runtime|e00e9156-55d3-499f-99df-c11e7ac032c9]    0,
[MFLOG|0|2025-06-21T13:20:11.777946Z|runtime|e1ffe5fc-4be5-489c-9451-9857d6efc49b]    0,
[MFLOG|0|2025-06-21T13:20:11.777964Z|runtime|d47ae51d-387e-4002-aeec-a09dcc1c5745]    0,
[MFLOG|0|2025-06-21T13:20:11.777983Z|runtime|6a3338ba-8ccc-44c5-a013-76b05e270b63]    0,
[MFLOG|0|2025-06-21T13:20:11.778000Z|runtime|04f9ab06-ef98-4662-98d0-6ad54db11ad4]    0
[MFLOG|0|2025-06-21T13:20:11.778020Z|runtime|d073a4dd-0ff2-4115-8c09-e7b533a8d7e4]  ]
[MFLOG|0|2025-06-21T13:20:11.778041Z|runtime|0059f789-e5fe-481e-933d-8c8d2344843e]}
